{"/Users/jordanzax/NU/Deep Learning/Friendify/App.js": {"path":"/Users/jordanzax/NU/Deep Learning/Friendify/App.js","statementMap":{"0":{"start":{"line":7,"column":12},"end":{"line":13,"column":1}},"1":{"start":{"line":8,"column":2},"end":{"line":12,"column":4}}},"fnMap":{"0":{"name":"(anonymous_0)","decl":{"start":{"line":7,"column":12},"end":{"line":7,"column":13}},"loc":{"start":{"line":7,"column":18},"end":{"line":13,"column":1}},"line":7}},"branchMap":{},"s":{"0":1,"1":0},"f":{"0":0},"b":{},"_coverageSchema":"1a1c01bbd47fc00a2c39e90264f33305004495a9","hash":"dbf4a3f491a84e5f9ab97d5fedf0279786340936"}
,"/Users/jordanzax/NU/Deep Learning/Friendify/components/AddFriendSearch.js": {"path":"/Users/jordanzax/NU/Deep Learning/Friendify/components/AddFriendSearch.js","statementMap":{"0":{"start":{"line":7,"column":0},"end":{"line":7,"column":18}},"1":{"start":{"line":9,"column":11},"end":{"line":9,"column":31}},"2":{"start":{"line":11,"column":24},"end":{"line":42,"column":1}},"3":{"start":{"line":12,"column":20},"end":{"line":22,"column":3}},"4":{"start":{"line":13,"column":24},"end":{"line":13,"column":49}},"5":{"start":{"line":14,"column":4},"end":{"line":21,"column":5}},"6":{"start":{"line":18,"column":6},"end":{"line":18,"column":20}},"7":{"start":{"line":19,"column":6},"end":{"line":19,"column":26}},"8":{"start":{"line":23,"column":30},"end":{"line":23,"column":48}},"9":{"start":{"line":25,"column":28},"end":{"line":25,"column":49}},"10":{"start":{"line":27,"column":2},"end":{"line":41,"column":4}},"11":{"start":{"line":33,"column":112},"end":{"line":33,"column":128}},"12":{"start":{"line":37,"column":36},"end":{"line":37,"column":77}},"13":{"start":{"line":44,"column":15},"end":{"line":67,"column":2}}},"fnMap":{"0":{"name":"(anonymous_0)","decl":{"start":{"line":11,"column":24},"end":{"line":11,"column":25}},"loc":{"start":{"line":11,"column":44},"end":{"line":42,"column":1}},"line":11},"1":{"name":"(anonymous_1)","decl":{"start":{"line":12,"column":20},"end":{"line":12,"column":21}},"loc":{"start":{"line":12,"column":38},"end":{"line":22,"column":3}},"line":12},"2":{"name":"(anonymous_2)","decl":{"start":{"line":17,"column":12},"end":{"line":17,"column":13}},"loc":{"start":{"line":17,"column":18},"end":{"line":20,"column":5}},"line":17},"3":{"name":"(anonymous_3)","decl":{"start":{"line":33,"column":101},"end":{"line":33,"column":102}},"loc":{"start":{"line":33,"column":112},"end":{"line":33,"column":128}},"line":33},"4":{"name":"(anonymous_4)","decl":{"start":{"line":37,"column":29},"end":{"line":37,"column":30}},"loc":{"start":{"line":37,"column":36},"end":{"line":37,"column":77}},"line":37}},"branchMap":{"0":{"loc":{"start":{"line":34,"column":13},"end":{"line":34,"column":59}},"type":"cond-expr","locations":[{"start":{"line":34,"column":23},"end":{"line":34,"column":51}},{"start":{"line":34,"column":54},"end":{"line":34,"column":59}}],"line":34},"1":{"loc":{"start":{"line":37,"column":36},"end":{"line":37,"column":77}},"type":"cond-expr","locations":[{"start":{"line":37,"column":53},"end":{"line":37,"column":70}},{"start":{"line":37,"column":72},"end":{"line":37,"column":77}}],"line":37}},"s":{"0":2,"1":2,"2":2,"3":0,"4":0,"5":0,"6":0,"7":0,"8":0,"9":0,"10":0,"11":0,"12":0,"13":2},"f":{"0":0,"1":0,"2":0,"3":0,"4":0},"b":{"0":[0,0],"1":[0,0]},"_coverageSchema":"1a1c01bbd47fc00a2c39e90264f33305004495a9","hash":"ba58167f406b023f21cd3e78154dab476f0019d6"}
,"/Users/jordanzax/NU/Deep Learning/Friendify/components/Friend.js": {"path":"/Users/jordanzax/NU/Deep Learning/Friendify/components/Friend.js","statementMap":{"0":{"start":{"line":7,"column":15},"end":{"line":26,"column":1}},"1":{"start":{"line":8,"column":4},"end":{"line":25,"column":6}},"2":{"start":{"line":11,"column":27},"end":{"line":11,"column":69}},"3":{"start":{"line":28,"column":15},"end":{"line":50,"column":2}}},"fnMap":{"0":{"name":"(anonymous_0)","decl":{"start":{"line":7,"column":15},"end":{"line":7,"column":16}},"loc":{"start":{"line":7,"column":41},"end":{"line":26,"column":1}},"line":7},"1":{"name":"(anonymous_1)","decl":{"start":{"line":11,"column":21},"end":{"line":11,"column":22}},"loc":{"start":{"line":11,"column":27},"end":{"line":11,"column":69}},"line":11}},"branchMap":{"0":{"loc":{"start":{"line":18,"column":17},"end":{"line":18,"column":52}},"type":"cond-expr","locations":[{"start":{"line":18,"column":26},"end":{"line":18,"column":44}},{"start":{"line":18,"column":47},"end":{"line":18,"column":52}}],"line":18}},"s":{"0":1,"1":0,"2":0,"3":1},"f":{"0":0,"1":0},"b":{"0":[0,0]},"_coverageSchema":"1a1c01bbd47fc00a2c39e90264f33305004495a9","hash":"2218bbd7b2619b5ce3284719e3083998325750bd"}
,"/Users/jordanzax/NU/Deep Learning/Friendify/components/FriendPlaylistButton.js": {"path":"/Users/jordanzax/NU/Deep Learning/Friendify/components/FriendPlaylistButton.js","statementMap":{"0":{"start":{"line":7,"column":29},"end":{"line":34,"column":1}},"1":{"start":{"line":8,"column":28},"end":{"line":8,"column":43}},"2":{"start":{"line":9,"column":25},"end":{"line":9,"column":38}},"3":{"start":{"line":10,"column":4},"end":{"line":15,"column":10}},"4":{"start":{"line":11,"column":21},"end":{"line":11,"column":63}},"5":{"start":{"line":12,"column":8},"end":{"line":14,"column":10}},"6":{"start":{"line":13,"column":12},"end":{"line":13,"column":25}},"7":{"start":{"line":17,"column":4},"end":{"line":19,"column":5}},"8":{"start":{"line":18,"column":8},"end":{"line":18,"column":21}},"9":{"start":{"line":21,"column":4},"end":{"line":33,"column":6}},"10":{"start":{"line":23,"column":27},"end":{"line":23,"column":87}},"11":{"start":{"line":36,"column":15},"end":{"line":58,"column":2}}},"fnMap":{"0":{"name":"(anonymous_0)","decl":{"start":{"line":7,"column":29},"end":{"line":7,"column":30}},"loc":{"start":{"line":7,"column":57},"end":{"line":34,"column":1}},"line":7},"1":{"name":"(anonymous_1)","decl":{"start":{"line":10,"column":14},"end":{"line":10,"column":15}},"loc":{"start":{"line":10,"column":20},"end":{"line":15,"column":5}},"line":10},"2":{"name":"(anonymous_2)","decl":{"start":{"line":12,"column":31},"end":{"line":12,"column":32}},"loc":{"start":{"line":12,"column":40},"end":{"line":14,"column":9}},"line":12},"3":{"name":"(anonymous_3)","decl":{"start":{"line":23,"column":21},"end":{"line":23,"column":22}},"loc":{"start":{"line":23,"column":27},"end":{"line":23,"column":87}},"line":23}},"branchMap":{"0":{"loc":{"start":{"line":17,"column":4},"end":{"line":19,"column":5}},"type":"if","locations":[{"start":{"line":17,"column":4},"end":{"line":19,"column":5}},{"start":{"line":17,"column":4},"end":{"line":19,"column":5}}],"line":17}},"s":{"0":1,"1":0,"2":0,"3":0,"4":0,"5":0,"6":0,"7":0,"8":0,"9":0,"10":0,"11":1},"f":{"0":0,"1":0,"2":0,"3":0},"b":{"0":[0,0]},"_coverageSchema":"1a1c01bbd47fc00a2c39e90264f33305004495a9","hash":"53447f58cf3e8c0758fc831f6c2971442bb31878"}
,"/Users/jordanzax/NU/Deep Learning/Friendify/components/FriendPlaylists.js": {"path":"/Users/jordanzax/NU/Deep Learning/Friendify/components/FriendPlaylists.js","statementMap":{"0":{"start":{"line":8,"column":24},"end":{"line":27,"column":1}},"1":{"start":{"line":10,"column":38},"end":{"line":10,"column":50}},"2":{"start":{"line":11,"column":4},"end":{"line":16,"column":9}},"3":{"start":{"line":12,"column":8},"end":{"line":15,"column":6}},"4":{"start":{"line":13,"column":12},"end":{"line":13,"column":32}},"5":{"start":{"line":18,"column":4},"end":{"line":18,"column":26}},"6":{"start":{"line":19,"column":4},"end":{"line":21,"column":5}},"7":{"start":{"line":20,"column":8},"end":{"line":20,"column":20}},"8":{"start":{"line":22,"column":4},"end":{"line":26,"column":6}},"9":{"start":{"line":24,"column":12},"end":{"line":24,"column":97}}},"fnMap":{"0":{"name":"(anonymous_0)","decl":{"start":{"line":8,"column":24},"end":{"line":8,"column":25}},"loc":{"start":{"line":8,"column":48},"end":{"line":27,"column":1}},"line":8},"1":{"name":"(anonymous_1)","decl":{"start":{"line":11,"column":14},"end":{"line":11,"column":15}},"loc":{"start":{"line":11,"column":20},"end":{"line":16,"column":5}},"line":11},"2":{"name":"(anonymous_2)","decl":{"start":{"line":12,"column":36},"end":{"line":12,"column":37}},"loc":{"start":{"line":12,"column":47},"end":{"line":14,"column":9}},"line":12},"3":{"name":"(anonymous_3)","decl":{"start":{"line":23,"column":22},"end":{"line":23,"column":23}},"loc":{"start":{"line":24,"column":12},"end":{"line":24,"column":97}},"line":24}},"branchMap":{"0":{"loc":{"start":{"line":19,"column":4},"end":{"line":21,"column":5}},"type":"if","locations":[{"start":{"line":19,"column":4},"end":{"line":21,"column":5}},{"start":{"line":19,"column":4},"end":{"line":21,"column":5}}],"line":19}},"s":{"0":1,"1":0,"2":0,"3":0,"4":0,"5":0,"6":0,"7":0,"8":0,"9":0},"f":{"0":0,"1":0,"2":0,"3":0},"b":{"0":[0,0]},"_coverageSchema":"1a1c01bbd47fc00a2c39e90264f33305004495a9","hash":"c7bf20ec9c36e5af109cc6f6b5433ac7d468a999"}
,"/Users/jordanzax/NU/Deep Learning/Friendify/components/FriendSelector.js": {"path":"/Users/jordanzax/NU/Deep Learning/Friendify/components/FriendSelector.js","statementMap":{"0":{"start":{"line":8,"column":23},"end":{"line":44,"column":1}},"1":{"start":{"line":9,"column":4},"end":{"line":43,"column":5}},"2":{"start":{"line":10,"column":8},"end":{"line":14,"column":9}},"3":{"start":{"line":17,"column":4},"end":{"line":42,"column":6}},"4":{"start":{"line":21,"column":27},"end":{"line":21,"column":54}},"5":{"start":{"line":22,"column":27},"end":{"line":22,"column":54}},"6":{"start":{"line":23,"column":16},"end":{"line":23,"column":42}},"7":{"start":{"line":23,"column":30},"end":{"line":23,"column":40}},"8":{"start":{"line":24,"column":16},"end":{"line":24,"column":41}},"9":{"start":{"line":24,"column":30},"end":{"line":24,"column":39}},"10":{"start":{"line":25,"column":16},"end":{"line":25,"column":25}},"11":{"start":{"line":28,"column":16},"end":{"line":38,"column":20}},"12":{"start":{"line":33,"column":37},"end":{"line":35,"column":21}},"13":{"start":{"line":36,"column":20},"end":{"line":36,"column":61}},"14":{"start":{"line":37,"column":20},"end":{"line":37,"column":48}}},"fnMap":{"0":{"name":"(anonymous_0)","decl":{"start":{"line":8,"column":23},"end":{"line":8,"column":24}},"loc":{"start":{"line":8,"column":83},"end":{"line":44,"column":1}},"line":8},"1":{"name":"(anonymous_1)","decl":{"start":{"line":20,"column":25},"end":{"line":20,"column":26}},"loc":{"start":{"line":20,"column":38},"end":{"line":26,"column":13}},"line":20},"2":{"name":"(anonymous_2)","decl":{"start":{"line":27,"column":17},"end":{"line":27,"column":18}},"loc":{"start":{"line":28,"column":16},"end":{"line":38,"column":20}},"line":28},"3":{"name":"(anonymous_3)","decl":{"start":{"line":32,"column":27},"end":{"line":32,"column":28}},"loc":{"start":{"line":32,"column":33},"end":{"line":38,"column":17}},"line":32}},"branchMap":{"0":{"loc":{"start":{"line":9,"column":4},"end":{"line":43,"column":5}},"type":"if","locations":[{"start":{"line":9,"column":4},"end":{"line":43,"column":5}},{"start":{"line":9,"column":4},"end":{"line":43,"column":5}}],"line":9},"1":{"loc":{"start":{"line":23,"column":16},"end":{"line":23,"column":42}},"type":"if","locations":[{"start":{"line":23,"column":16},"end":{"line":23,"column":42}},{"start":{"line":23,"column":16},"end":{"line":23,"column":42}}],"line":23},"2":{"loc":{"start":{"line":24,"column":16},"end":{"line":24,"column":41}},"type":"if","locations":[{"start":{"line":24,"column":16},"end":{"line":24,"column":41}},{"start":{"line":24,"column":16},"end":{"line":24,"column":41}}],"line":24},"3":{"loc":{"start":{"line":31,"column":24},"end":{"line":31,"column":70}},"type":"cond-expr","locations":[{"start":{"line":31,"column":47},"end":{"line":31,"column":56}},{"start":{"line":31,"column":59},"end":{"line":31,"column":70}}],"line":31}},"s":{"0":1,"1":0,"2":0,"3":0,"4":0,"5":0,"6":0,"7":0,"8":0,"9":0,"10":0,"11":0,"12":0,"13":0,"14":0},"f":{"0":0,"1":0,"2":0,"3":0},"b":{"0":[0,0],"1":[0,0],"2":[0,0],"3":[0,0]},"_coverageSchema":"1a1c01bbd47fc00a2c39e90264f33305004495a9","hash":"8f08ffdf2287f14644c37f0bc46dde4ba2a4d2ce"}
,"/Users/jordanzax/NU/Deep Learning/Friendify/components/FriendsList.js": {"path":"/Users/jordanzax/NU/Deep Learning/Friendify/components/FriendsList.js","statementMap":{"0":{"start":{"line":6,"column":20},"end":{"line":23,"column":1}},"1":{"start":{"line":7,"column":4},"end":{"line":22,"column":6}},"2":{"start":{"line":11,"column":27},"end":{"line":11,"column":54}},"3":{"start":{"line":12,"column":27},"end":{"line":12,"column":54}},"4":{"start":{"line":13,"column":16},"end":{"line":13,"column":42}},"5":{"start":{"line":13,"column":30},"end":{"line":13,"column":40}},"6":{"start":{"line":14,"column":16},"end":{"line":14,"column":41}},"7":{"start":{"line":14,"column":30},"end":{"line":14,"column":39}},"8":{"start":{"line":15,"column":16},"end":{"line":15,"column":25}},"9":{"start":{"line":18,"column":16},"end":{"line":18,"column":82}}},"fnMap":{"0":{"name":"(anonymous_0)","decl":{"start":{"line":6,"column":20},"end":{"line":6,"column":21}},"loc":{"start":{"line":6,"column":47},"end":{"line":23,"column":1}},"line":6},"1":{"name":"(anonymous_1)","decl":{"start":{"line":10,"column":25},"end":{"line":10,"column":26}},"loc":{"start":{"line":10,"column":38},"end":{"line":16,"column":13}},"line":10},"2":{"name":"(anonymous_2)","decl":{"start":{"line":17,"column":17},"end":{"line":17,"column":18}},"loc":{"start":{"line":18,"column":16},"end":{"line":18,"column":82}},"line":18}},"branchMap":{"0":{"loc":{"start":{"line":13,"column":16},"end":{"line":13,"column":42}},"type":"if","locations":[{"start":{"line":13,"column":16},"end":{"line":13,"column":42}},{"start":{"line":13,"column":16},"end":{"line":13,"column":42}}],"line":13},"1":{"loc":{"start":{"line":14,"column":16},"end":{"line":14,"column":41}},"type":"if","locations":[{"start":{"line":14,"column":16},"end":{"line":14,"column":41}},{"start":{"line":14,"column":16},"end":{"line":14,"column":41}}],"line":14}},"s":{"0":1,"1":0,"2":0,"3":0,"4":0,"5":0,"6":0,"7":0,"8":0,"9":0},"f":{"0":0,"1":0,"2":0},"b":{"0":[0,0],"1":[0,0]},"_coverageSchema":"1a1c01bbd47fc00a2c39e90264f33305004495a9","hash":"c1068132be4fb0aaaafe057df062b1b40787bd08"}
,"/Users/jordanzax/NU/Deep Learning/Friendify/components/MyPlaylistButton.js": {"path":"/Users/jordanzax/NU/Deep Learning/Friendify/components/MyPlaylistButton.js","statementMap":{"0":{"start":{"line":7,"column":25},"end":{"line":24,"column":1}},"1":{"start":{"line":8,"column":25},"end":{"line":8,"column":38}},"2":{"start":{"line":9,"column":17},"end":{"line":9,"column":31}},"3":{"start":{"line":11,"column":4},"end":{"line":23,"column":6}},"4":{"start":{"line":13,"column":27},"end":{"line":13,"column":87}},"5":{"start":{"line":26,"column":15},"end":{"line":48,"column":2}}},"fnMap":{"0":{"name":"(anonymous_0)","decl":{"start":{"line":7,"column":25},"end":{"line":7,"column":26}},"loc":{"start":{"line":7,"column":53},"end":{"line":24,"column":1}},"line":7},"1":{"name":"(anonymous_1)","decl":{"start":{"line":13,"column":21},"end":{"line":13,"column":22}},"loc":{"start":{"line":13,"column":27},"end":{"line":13,"column":87}},"line":13}},"branchMap":{},"s":{"0":1,"1":0,"2":0,"3":0,"4":0,"5":1},"f":{"0":0,"1":0},"b":{},"_coverageSchema":"1a1c01bbd47fc00a2c39e90264f33305004495a9","hash":"f165b6572cf34a270e27047ac4529dbb15c18a4e"}
,"/Users/jordanzax/NU/Deep Learning/Friendify/components/MyPlaylists.js": {"path":"/Users/jordanzax/NU/Deep Learning/Friendify/components/MyPlaylists.js","statementMap":{"0":{"start":{"line":6,"column":20},"end":{"line":12,"column":1}},"1":{"start":{"line":7,"column":4},"end":{"line":11,"column":6}},"2":{"start":{"line":9,"column":12},"end":{"line":9,"column":93}}},"fnMap":{"0":{"name":"(anonymous_0)","decl":{"start":{"line":6,"column":20},"end":{"line":6,"column":21}},"loc":{"start":{"line":6,"column":49},"end":{"line":12,"column":1}},"line":6},"1":{"name":"(anonymous_1)","decl":{"start":{"line":8,"column":22},"end":{"line":8,"column":23}},"loc":{"start":{"line":9,"column":12},"end":{"line":9,"column":93}},"line":9}},"branchMap":{},"s":{"0":1,"1":0,"2":0},"f":{"0":0,"1":0},"b":{},"_coverageSchema":"1a1c01bbd47fc00a2c39e90264f33305004495a9","hash":"3223274b91e6061aaf81e367b9dc583fc969f5d7"}
,"/Users/jordanzax/NU/Deep Learning/Friendify/components/Song.js": {"path":"/Users/jordanzax/NU/Deep Learning/Friendify/components/Song.js","statementMap":{"0":{"start":{"line":5,"column":13},"end":{"line":30,"column":1}},"1":{"start":{"line":6,"column":26},"end":{"line":9,"column":5}},"2":{"start":{"line":7,"column":16},"end":{"line":7,"column":40}},"3":{"start":{"line":7,"column":33},"end":{"line":7,"column":39}},"4":{"start":{"line":8,"column":6},"end":{"line":8,"column":28}},"5":{"start":{"line":10,"column":16},"end":{"line":10,"column":34}},"6":{"start":{"line":12,"column":4},"end":{"line":29,"column":5}},"7":{"start":{"line":32,"column":17},"end":{"line":67,"column":2}}},"fnMap":{"0":{"name":"(anonymous_0)","decl":{"start":{"line":5,"column":13},"end":{"line":5,"column":14}},"loc":{"start":{"line":5,"column":25},"end":{"line":30,"column":1}},"line":5},"1":{"name":"(anonymous_1)","decl":{"start":{"line":6,"column":26},"end":{"line":6,"column":27}},"loc":{"start":{"line":6,"column":39},"end":{"line":9,"column":5}},"line":6},"2":{"name":"(anonymous_2)","decl":{"start":{"line":7,"column":28},"end":{"line":7,"column":29}},"loc":{"start":{"line":7,"column":33},"end":{"line":7,"column":39}},"line":7}},"branchMap":{},"s":{"0":1,"1":0,"2":0,"3":0,"4":0,"5":0,"6":0,"7":1},"f":{"0":0,"1":0,"2":0},"b":{},"_coverageSchema":"1a1c01bbd47fc00a2c39e90264f33305004495a9","hash":"2d4db8613d04c0cd232956a7c7b0a9aedea4a892"}
,"/Users/jordanzax/NU/Deep Learning/Friendify/components/SongList.js": {"path":"/Users/jordanzax/NU/Deep Learning/Friendify/components/SongList.js","statementMap":{"0":{"start":{"line":5,"column":17},"end":{"line":15,"column":1}},"1":{"start":{"line":7,"column":4},"end":{"line":14,"column":5}},"2":{"start":{"line":11,"column":29},"end":{"line":11,"column":63}},"3":{"start":{"line":18,"column":15},"end":{"line":24,"column":6}}},"fnMap":{"0":{"name":"(anonymous_0)","decl":{"start":{"line":5,"column":17},"end":{"line":5,"column":18}},"loc":{"start":{"line":5,"column":30},"end":{"line":15,"column":1}},"line":5},"1":{"name":"(anonymous_1)","decl":{"start":{"line":11,"column":21},"end":{"line":11,"column":22}},"loc":{"start":{"line":11,"column":29},"end":{"line":11,"column":63}},"line":11}},"branchMap":{},"s":{"0":1,"1":0,"2":0,"3":1},"f":{"0":0,"1":0},"b":{},"_coverageSchema":"1a1c01bbd47fc00a2c39e90264f33305004495a9","hash":"32f0967c8d82673053ed207343e3ccb4321377e1"}
,"/Users/jordanzax/NU/Deep Learning/Friendify/navigators/BottomTabNavigator.js": {"path":"/Users/jordanzax/NU/Deep Learning/Friendify/navigators/BottomTabNavigator.js","statementMap":{"0":{"start":{"line":10,"column":12},"end":{"line":10,"column":38}},"1":{"start":{"line":12,"column":27},"end":{"line":38,"column":1}},"2":{"start":{"line":13,"column":4},"end":{"line":37,"column":6}},"3":{"start":{"line":19,"column":50},"end":{"line":19,"column":98}},"4":{"start":{"line":26,"column":50},"end":{"line":26,"column":106}},"5":{"start":{"line":33,"column":50},"end":{"line":33,"column":102}}},"fnMap":{"0":{"name":"(anonymous_0)","decl":{"start":{"line":12,"column":27},"end":{"line":12,"column":28}},"loc":{"start":{"line":12,"column":33},"end":{"line":38,"column":1}},"line":12},"1":{"name":"(anonymous_1)","decl":{"start":{"line":19,"column":32},"end":{"line":19,"column":33}},"loc":{"start":{"line":19,"column":50},"end":{"line":19,"column":98}},"line":19},"2":{"name":"(anonymous_2)","decl":{"start":{"line":26,"column":32},"end":{"line":26,"column":33}},"loc":{"start":{"line":26,"column":50},"end":{"line":26,"column":106}},"line":26},"3":{"name":"(anonymous_3)","decl":{"start":{"line":33,"column":32},"end":{"line":33,"column":33}},"loc":{"start":{"line":33,"column":50},"end":{"line":33,"column":102}},"line":33}},"branchMap":{},"s":{"0":1,"1":1,"2":0,"3":0,"4":0,"5":0},"f":{"0":0,"1":0,"2":0,"3":0},"b":{},"_coverageSchema":"1a1c01bbd47fc00a2c39e90264f33305004495a9","hash":"63ab0fc32426f8133dae036eb232a1b21bbb30cf"}
,"/Users/jordanzax/NU/Deep Learning/Friendify/navigators/FriendsStackNavigator.js": {"path":"/Users/jordanzax/NU/Deep Learning/Friendify/navigators/FriendsStackNavigator.js","statementMap":{"0":{"start":{"line":8,"column":14},"end":{"line":8,"column":36}},"1":{"start":{"line":10,"column":30},"end":{"line":18,"column":1}},"2":{"start":{"line":11,"column":4},"end":{"line":17,"column":5}}},"fnMap":{"0":{"name":"(anonymous_0)","decl":{"start":{"line":10,"column":30},"end":{"line":10,"column":31}},"loc":{"start":{"line":10,"column":36},"end":{"line":18,"column":1}},"line":10}},"branchMap":{},"s":{"0":1,"1":1,"2":0},"f":{"0":0},"b":{},"_coverageSchema":"1a1c01bbd47fc00a2c39e90264f33305004495a9","hash":"5f2a23ef5ec411bc6db67f7be3156b05da6ceb49"}
,"/Users/jordanzax/NU/Deep Learning/Friendify/navigators/HomeStackNavigator.js": {"path":"/Users/jordanzax/NU/Deep Learning/Friendify/navigators/HomeStackNavigator.js","statementMap":{"0":{"start":{"line":8,"column":14},"end":{"line":8,"column":36}},"1":{"start":{"line":10,"column":27},"end":{"line":18,"column":1}},"2":{"start":{"line":11,"column":4},"end":{"line":17,"column":5}}},"fnMap":{"0":{"name":"(anonymous_0)","decl":{"start":{"line":10,"column":27},"end":{"line":10,"column":28}},"loc":{"start":{"line":10,"column":33},"end":{"line":18,"column":1}},"line":10}},"branchMap":{},"s":{"0":1,"1":1,"2":0},"f":{"0":0},"b":{},"_coverageSchema":"1a1c01bbd47fc00a2c39e90264f33305004495a9","hash":"1a3d5782ac3a23f32a58b05aef24fa698a96280b"}
,"/Users/jordanzax/NU/Deep Learning/Friendify/navigators/MyPlaylistsStackNavigator.js": {"path":"/Users/jordanzax/NU/Deep Learning/Friendify/navigators/MyPlaylistsStackNavigator.js","statementMap":{"0":{"start":{"line":7,"column":14},"end":{"line":7,"column":36}},"1":{"start":{"line":9,"column":34},"end":{"line":16,"column":1}},"2":{"start":{"line":10,"column":4},"end":{"line":15,"column":5}}},"fnMap":{"0":{"name":"(anonymous_0)","decl":{"start":{"line":9,"column":34},"end":{"line":9,"column":35}},"loc":{"start":{"line":9,"column":40},"end":{"line":16,"column":1}},"line":9}},"branchMap":{},"s":{"0":1,"1":1,"2":0},"f":{"0":0},"b":{},"_coverageSchema":"1a1c01bbd47fc00a2c39e90264f33305004495a9","hash":"d15814cb08ba2bef7cc9c2639da369c788bee8d5"}
,"/Users/jordanzax/NU/Deep Learning/Friendify/screens/FriendPlaylistScreen.js": {"path":"/Users/jordanzax/NU/Deep Learning/Friendify/screens/FriendPlaylistScreen.js","statementMap":{"0":{"start":{"line":6,"column":29},"end":{"line":20,"column":1}},"1":{"start":{"line":7,"column":19},"end":{"line":7,"column":38}},"2":{"start":{"line":8,"column":4},"end":{"line":19,"column":6}},"3":{"start":{"line":22,"column":15},"end":{"line":40,"column":2}}},"fnMap":{"0":{"name":"(anonymous_0)","decl":{"start":{"line":6,"column":29},"end":{"line":6,"column":30}},"loc":{"start":{"line":6,"column":54},"end":{"line":20,"column":1}},"line":6}},"branchMap":{"0":{"loc":{"start":{"line":11,"column":17},"end":{"line":11,"column":109}},"type":"cond-expr","locations":[{"start":{"line":11,"column":28},"end":{"line":11,"column":101}},{"start":{"line":11,"column":104},"end":{"line":11,"column":109}}],"line":11},"1":{"loc":{"start":{"line":15,"column":21},"end":{"line":15,"column":101}},"type":"cond-expr","locations":[{"start":{"line":15,"column":32},"end":{"line":15,"column":93}},{"start":{"line":15,"column":96},"end":{"line":15,"column":101}}],"line":15}},"s":{"0":1,"1":0,"2":0,"3":1},"f":{"0":0},"b":{"0":[0,0],"1":[0,0]},"_coverageSchema":"1a1c01bbd47fc00a2c39e90264f33305004495a9","hash":"e612a66ed0cc0ac2a297960639ef2ff579b78f4e"}
,"/Users/jordanzax/NU/Deep Learning/Friendify/screens/FriendSelectScreen.js": {"path":"/Users/jordanzax/NU/Deep Learning/Friendify/screens/FriendSelectScreen.js","statementMap":{"0":{"start":{"line":9,"column":11},"end":{"line":9,"column":31}},"1":{"start":{"line":11,"column":27},"end":{"line":51,"column":1}},"2":{"start":{"line":12,"column":34},"end":{"line":12,"column":46}},"3":{"start":{"line":13,"column":38},"end":{"line":13,"column":53}},"4":{"start":{"line":14,"column":46},"end":{"line":14,"column":58}},"5":{"start":{"line":16,"column":4},"end":{"line":34,"column":20}},"6":{"start":{"line":17,"column":6},"end":{"line":33,"column":9}},"7":{"start":{"line":18,"column":25},"end":{"line":18,"column":27}},"8":{"start":{"line":19,"column":8},"end":{"line":26,"column":11}},"9":{"start":{"line":20,"column":26},"end":{"line":20,"column":36}},"10":{"start":{"line":21,"column":10},"end":{"line":25,"column":12}},"11":{"start":{"line":27,"column":8},"end":{"line":27,"column":31}},"12":{"start":{"line":28,"column":32},"end":{"line":28,"column":34}},"13":{"start":{"line":29,"column":8},"end":{"line":31,"column":9}},"14":{"start":{"line":29,"column":21},"end":{"line":29,"column":22}},"15":{"start":{"line":30,"column":10},"end":{"line":30,"column":39}},"16":{"start":{"line":32,"column":8},"end":{"line":32,"column":43}},"17":{"start":{"line":35,"column":4},"end":{"line":50,"column":6}},"18":{"start":{"line":48,"column":70},"end":{"line":48,"column":80}},"19":{"start":{"line":48,"column":98},"end":{"line":48,"column":164}},"20":{"start":{"line":53,"column":15},"end":{"line":74,"column":2}}},"fnMap":{"0":{"name":"(anonymous_0)","decl":{"start":{"line":11,"column":27},"end":{"line":11,"column":28}},"loc":{"start":{"line":11,"column":45},"end":{"line":51,"column":1}},"line":11},"1":{"name":"(anonymous_1)","decl":{"start":{"line":16,"column":14},"end":{"line":16,"column":15}},"loc":{"start":{"line":16,"column":20},"end":{"line":34,"column":5}},"line":16},"2":{"name":"(anonymous_2)","decl":{"start":{"line":17,"column":42},"end":{"line":17,"column":43}},"loc":{"start":{"line":17,"column":59},"end":{"line":33,"column":7}},"line":17},"3":{"name":"(anonymous_3)","decl":{"start":{"line":19,"column":30},"end":{"line":19,"column":31}},"loc":{"start":{"line":19,"column":36},"end":{"line":26,"column":9}},"line":19},"4":{"name":"(anonymous_4)","decl":{"start":{"line":48,"column":65},"end":{"line":48,"column":66}},"loc":{"start":{"line":48,"column":70},"end":{"line":48,"column":80}},"line":48},"5":{"name":"(anonymous_5)","decl":{"start":{"line":48,"column":92},"end":{"line":48,"column":93}},"loc":{"start":{"line":48,"column":98},"end":{"line":48,"column":164}},"line":48}},"branchMap":{},"s":{"0":1,"1":1,"2":0,"3":0,"4":0,"5":0,"6":0,"7":0,"8":0,"9":0,"10":0,"11":0,"12":0,"13":0,"14":0,"15":0,"16":0,"17":0,"18":0,"19":0,"20":1},"f":{"0":0,"1":0,"2":0,"3":0,"4":0,"5":0},"b":{},"_coverageSchema":"1a1c01bbd47fc00a2c39e90264f33305004495a9","hash":"19e60c4c0d9bd236810514a3c8737c3fd6c9aab6"}
,"/Users/jordanzax/NU/Deep Learning/Friendify/screens/FriendsScreen.js": {"path":"/Users/jordanzax/NU/Deep Learning/Friendify/screens/FriendsScreen.js","statementMap":{"0":{"start":{"line":9,"column":11},"end":{"line":9,"column":31}},"1":{"start":{"line":11,"column":22},"end":{"line":45,"column":1}},"2":{"start":{"line":12,"column":34},"end":{"line":12,"column":46}},"3":{"start":{"line":13,"column":38},"end":{"line":13,"column":53}},"4":{"start":{"line":15,"column":4},"end":{"line":28,"column":20}},"5":{"start":{"line":16,"column":6},"end":{"line":27,"column":9}},"6":{"start":{"line":17,"column":25},"end":{"line":17,"column":27}},"7":{"start":{"line":18,"column":8},"end":{"line":25,"column":11}},"8":{"start":{"line":19,"column":26},"end":{"line":19,"column":36}},"9":{"start":{"line":20,"column":10},"end":{"line":24,"column":12}},"10":{"start":{"line":26,"column":8},"end":{"line":26,"column":31}},"11":{"start":{"line":30,"column":4},"end":{"line":44,"column":6}},"12":{"start":{"line":47,"column":15},"end":{"line":68,"column":2}}},"fnMap":{"0":{"name":"(anonymous_0)","decl":{"start":{"line":11,"column":22},"end":{"line":11,"column":23}},"loc":{"start":{"line":11,"column":40},"end":{"line":45,"column":1}},"line":11},"1":{"name":"(anonymous_1)","decl":{"start":{"line":15,"column":14},"end":{"line":15,"column":15}},"loc":{"start":{"line":15,"column":20},"end":{"line":28,"column":5}},"line":15},"2":{"name":"(anonymous_2)","decl":{"start":{"line":16,"column":42},"end":{"line":16,"column":43}},"loc":{"start":{"line":16,"column":59},"end":{"line":27,"column":7}},"line":16},"3":{"name":"(anonymous_3)","decl":{"start":{"line":18,"column":30},"end":{"line":18,"column":31}},"loc":{"start":{"line":18,"column":36},"end":{"line":25,"column":9}},"line":18}},"branchMap":{},"s":{"0":1,"1":1,"2":0,"3":0,"4":0,"5":0,"6":0,"7":0,"8":0,"9":0,"10":0,"11":0,"12":1},"f":{"0":0,"1":0,"2":0,"3":0},"b":{},"_coverageSchema":"1a1c01bbd47fc00a2c39e90264f33305004495a9","hash":"da03c92e29f323ce79538d6d973b833d24e6b9f3"}
,"/Users/jordanzax/NU/Deep Learning/Friendify/screens/GeneratedPlaylistScreen.js": {"path":"/Users/jordanzax/NU/Deep Learning/Friendify/screens/GeneratedPlaylistScreen.js","statementMap":{"0":{"start":{"line":15,"column":35},"end":{"line":74,"column":1}},"1":{"start":{"line":16,"column":18},"end":{"line":16,"column":38}},"2":{"start":{"line":17,"column":24},"end":{"line":17,"column":50}},"3":{"start":{"line":18,"column":28},"end":{"line":18,"column":40}},"4":{"start":{"line":19,"column":42},"end":{"line":19,"column":60}},"5":{"start":{"line":20,"column":13},"end":{"line":20,"column":33}},"6":{"start":{"line":22,"column":30},"end":{"line":36,"column":3}},"7":{"start":{"line":23,"column":24},"end":{"line":23,"column":26}},"8":{"start":{"line":24,"column":4},"end":{"line":27,"column":8}},"9":{"start":{"line":25,"column":22},"end":{"line":25,"column":60}},"10":{"start":{"line":26,"column":6},"end":{"line":26,"column":52}},"11":{"start":{"line":29,"column":20},"end":{"line":29,"column":22}},"12":{"start":{"line":30,"column":4},"end":{"line":33,"column":8}},"13":{"start":{"line":31,"column":22},"end":{"line":31,"column":43}},"14":{"start":{"line":32,"column":6},"end":{"line":32,"column":43}},"15":{"start":{"line":34,"column":22},"end":{"line":34,"column":54}},"16":{"start":{"line":35,"column":4},"end":{"line":35,"column":26}},"17":{"start":{"line":38,"column":23},"end":{"line":43,"column":3}},"18":{"start":{"line":39,"column":4},"end":{"line":42,"column":6}},"19":{"start":{"line":45,"column":2},"end":{"line":53,"column":9}},"20":{"start":{"line":46,"column":23},"end":{"line":46,"column":25}},"21":{"start":{"line":47,"column":6},"end":{"line":51,"column":7}},"22":{"start":{"line":47,"column":19},"end":{"line":47,"column":20}},"23":{"start":{"line":48,"column":8},"end":{"line":50,"column":9}},"24":{"start":{"line":49,"column":10},"end":{"line":49,"column":37}},"25":{"start":{"line":52,"column":6},"end":{"line":52,"column":38}},"26":{"start":{"line":55,"column":2},"end":{"line":73,"column":4}},"27":{"start":{"line":62,"column":39},"end":{"line":62,"column":61}},"28":{"start":{"line":65,"column":37},"end":{"line":65,"column":70}},"29":{"start":{"line":78,"column":15},"end":{"line":98,"column":4}}},"fnMap":{"0":{"name":"(anonymous_0)","decl":{"start":{"line":15,"column":35},"end":{"line":15,"column":36}},"loc":{"start":{"line":15,"column":60},"end":{"line":74,"column":1}},"line":15},"1":{"name":"(anonymous_1)","decl":{"start":{"line":22,"column":30},"end":{"line":22,"column":31}},"loc":{"start":{"line":22,"column":52},"end":{"line":36,"column":3}},"line":22},"2":{"name":"(anonymous_2)","decl":{"start":{"line":24,"column":37},"end":{"line":24,"column":38}},"loc":{"start":{"line":24,"column":55},"end":{"line":27,"column":5}},"line":24},"3":{"name":"(anonymous_3)","decl":{"start":{"line":30,"column":40},"end":{"line":30,"column":41}},"loc":{"start":{"line":30,"column":54},"end":{"line":33,"column":5}},"line":30},"4":{"name":"(anonymous_4)","decl":{"start":{"line":38,"column":23},"end":{"line":38,"column":24}},"loc":{"start":{"line":38,"column":40},"end":{"line":43,"column":3}},"line":38},"5":{"name":"(anonymous_5)","decl":{"start":{"line":45,"column":12},"end":{"line":45,"column":13}},"loc":{"start":{"line":45,"column":18},"end":{"line":53,"column":3}},"line":45},"6":{"name":"(anonymous_6)","decl":{"start":{"line":62,"column":28},"end":{"line":62,"column":29}},"loc":{"start":{"line":62,"column":39},"end":{"line":62,"column":61}},"line":62},"7":{"name":"(anonymous_7)","decl":{"start":{"line":65,"column":31},"end":{"line":65,"column":32}},"loc":{"start":{"line":65,"column":37},"end":{"line":65,"column":70}},"line":65}},"branchMap":{"0":{"loc":{"start":{"line":48,"column":8},"end":{"line":50,"column":9}},"type":"if","locations":[{"start":{"line":48,"column":8},"end":{"line":50,"column":9}},{"start":{"line":48,"column":8},"end":{"line":50,"column":9}}],"line":48},"1":{"loc":{"start":{"line":70,"column":7},"end":{"line":70,"column":82}},"type":"cond-expr","locations":[{"start":{"line":70,"column":28},"end":{"line":70,"column":53}},{"start":{"line":70,"column":56},"end":{"line":70,"column":82}}],"line":70}},"s":{"0":1,"1":0,"2":0,"3":0,"4":0,"5":0,"6":0,"7":0,"8":0,"9":0,"10":0,"11":0,"12":0,"13":0,"14":0,"15":0,"16":0,"17":0,"18":0,"19":0,"20":0,"21":0,"22":0,"23":0,"24":0,"25":0,"26":0,"27":0,"28":0,"29":1},"f":{"0":0,"1":0,"2":0,"3":0,"4":0,"5":0,"6":0,"7":0},"b":{"0":[0,0],"1":[0,0]},"_coverageSchema":"1a1c01bbd47fc00a2c39e90264f33305004495a9","hash":"d1ec814f231eca58206ae8a6969f105eacb65934"}
,"/Users/jordanzax/NU/Deep Learning/Friendify/screens/HomeScreen.js": {"path":"/Users/jordanzax/NU/Deep Learning/Friendify/screens/HomeScreen.js","statementMap":{"0":{"start":{"line":6,"column":19},"end":{"line":14,"column":1}},"1":{"start":{"line":7,"column":2},"end":{"line":13,"column":4}},"2":{"start":{"line":10,"column":57},"end":{"line":10,"column":92}},"3":{"start":{"line":16,"column":15},"end":{"line":32,"column":2}}},"fnMap":{"0":{"name":"(anonymous_0)","decl":{"start":{"line":6,"column":19},"end":{"line":6,"column":20}},"loc":{"start":{"line":6,"column":37},"end":{"line":14,"column":1}},"line":6},"1":{"name":"(anonymous_1)","decl":{"start":{"line":10,"column":51},"end":{"line":10,"column":52}},"loc":{"start":{"line":10,"column":57},"end":{"line":10,"column":92}},"line":10}},"branchMap":{},"s":{"0":1,"1":0,"2":0,"3":1},"f":{"0":0,"1":0},"b":{},"_coverageSchema":"1a1c01bbd47fc00a2c39e90264f33305004495a9","hash":"91f2d3d85ce04229e7b6424e88c4dc24436f5616"}
,"/Users/jordanzax/NU/Deep Learning/Friendify/screens/MyPlaylistsScreen.js": {"path":"/Users/jordanzax/NU/Deep Learning/Friendify/screens/MyPlaylistsScreen.js","statementMap":{"0":{"start":{"line":7,"column":11},"end":{"line":7,"column":31}},"1":{"start":{"line":9,"column":26},"end":{"line":37,"column":1}},"2":{"start":{"line":10,"column":38},"end":{"line":10,"column":50}},"3":{"start":{"line":11,"column":4},"end":{"line":25,"column":20}},"4":{"start":{"line":12,"column":6},"end":{"line":24,"column":10}},"5":{"start":{"line":13,"column":27},"end":{"line":13,"column":29}},"6":{"start":{"line":14,"column":8},"end":{"line":22,"column":11}},"7":{"start":{"line":15,"column":25},"end":{"line":15,"column":35}},"8":{"start":{"line":16,"column":10},"end":{"line":21,"column":14}},"9":{"start":{"line":23,"column":8},"end":{"line":23,"column":50}},"10":{"start":{"line":27,"column":4},"end":{"line":36,"column":6}},"11":{"start":{"line":39,"column":15},"end":{"line":58,"column":2}}},"fnMap":{"0":{"name":"(anonymous_0)","decl":{"start":{"line":9,"column":26},"end":{"line":9,"column":27}},"loc":{"start":{"line":9,"column":44},"end":{"line":37,"column":1}},"line":9},"1":{"name":"(anonymous_1)","decl":{"start":{"line":11,"column":14},"end":{"line":11,"column":15}},"loc":{"start":{"line":11,"column":20},"end":{"line":25,"column":5}},"line":11},"2":{"name":"(anonymous_2)","decl":{"start":{"line":12,"column":44},"end":{"line":12,"column":45}},"loc":{"start":{"line":12,"column":61},"end":{"line":24,"column":9}},"line":12},"3":{"name":"(anonymous_3)","decl":{"start":{"line":14,"column":30},"end":{"line":14,"column":31}},"loc":{"start":{"line":14,"column":36},"end":{"line":22,"column":9}},"line":14}},"branchMap":{},"s":{"0":1,"1":1,"2":0,"3":0,"4":0,"5":0,"6":0,"7":0,"8":0,"9":0,"10":0,"11":1},"f":{"0":0,"1":0,"2":0,"3":0},"b":{},"_coverageSchema":"1a1c01bbd47fc00a2c39e90264f33305004495a9","hash":"140d55e915b3aae988116f9e5a33b232c1c39806"}
,"/Users/jordanzax/NU/Deep Learning/Friendify/screens/PlaylistTracksScreen.js": {"path":"/Users/jordanzax/NU/Deep Learning/Friendify/screens/PlaylistTracksScreen.js","statementMap":{"0":{"start":{"line":6,"column":29},"end":{"line":19,"column":1}},"1":{"start":{"line":7,"column":21},"end":{"line":7,"column":38}},"2":{"start":{"line":8,"column":25},"end":{"line":8,"column":50}},"3":{"start":{"line":9,"column":4},"end":{"line":18,"column":6}},"4":{"start":{"line":21,"column":15},"end":{"line":42,"column":2}}},"fnMap":{"0":{"name":"(anonymous_0)","decl":{"start":{"line":6,"column":29},"end":{"line":6,"column":30}},"loc":{"start":{"line":6,"column":54},"end":{"line":19,"column":1}},"line":6}},"branchMap":{"0":{"loc":{"start":{"line":12,"column":17},"end":{"line":12,"column":88}},"type":"cond-expr","locations":[{"start":{"line":12,"column":30},"end":{"line":12,"column":80}},{"start":{"line":12,"column":83},"end":{"line":12,"column":88}}],"line":12}},"s":{"0":1,"1":0,"2":0,"3":0,"4":1},"f":{"0":0},"b":{"0":[0,0]},"_coverageSchema":"1a1c01bbd47fc00a2c39e90264f33305004495a9","hash":"db226c123c2743257b2389cbaabc8b114f5275e9"}
,"/Users/jordanzax/NU/Deep Learning/Friendify/shared/firebase.js": {"path":"/Users/jordanzax/NU/Deep Learning/Friendify/shared/firebase.js","statementMap":{"0":{"start":{"line":7,"column":23},"end":{"line":15,"column":1}},"1":{"start":{"line":17,"column":0},"end":{"line":17,"column":39}}},"fnMap":{},"branchMap":{},"s":{"0":2,"1":2},"f":{},"b":{},"_coverageSchema":"1a1c01bbd47fc00a2c39e90264f33305004495a9","hash":"0cd720dae9702fc4d3804094d6cad6f4af6a68c6"}
,"/Users/jordanzax/NU/Deep Learning/Friendify/spotifyAuth/getAccessToken.js": {"path":"/Users/jordanzax/NU/Deep Learning/Friendify/spotifyAuth/getAccessToken.js","statementMap":{"0":{"start":{"line":4,"column":11},"end":{"line":4,"column":31}},"1":{"start":{"line":6,"column":27},"end":{"line":9,"column":1}},"2":{"start":{"line":11,"column":18},"end":{"line":45,"column":1}},"3":{"start":{"line":13,"column":14},"end":{"line":13,"column":19}},"4":{"start":{"line":15,"column":2},"end":{"line":43,"column":3}},"5":{"start":{"line":18,"column":21},"end":{"line":18,"column":94}},"6":{"start":{"line":19,"column":21},"end":{"line":26,"column":6}},"7":{"start":{"line":27,"column":25},"end":{"line":27,"column":46}},"8":{"start":{"line":33,"column":8},"end":{"line":33,"column":20}},"9":{"start":{"line":35,"column":4},"end":{"line":35,"column":38}},"10":{"start":{"line":37,"column":27},"end":{"line":37,"column":66}},"11":{"start":{"line":42,"column":4},"end":{"line":42,"column":23}},"12":{"start":{"line":44,"column":2},"end":{"line":44,"column":15}}},"fnMap":{"0":{"name":"(anonymous_0)","decl":{"start":{"line":11,"column":18},"end":{"line":11,"column":19}},"loc":{"start":{"line":11,"column":30},"end":{"line":45,"column":1}},"line":11}},"branchMap":{},"s":{"0":2,"1":2,"2":2,"3":0,"4":0,"5":0,"6":0,"7":0,"8":0,"9":0,"10":0,"11":0,"12":0},"f":{"0":0},"b":{},"_coverageSchema":"1a1c01bbd47fc00a2c39e90264f33305004495a9","hash":"1a89e8d19ac2d71931219363dc83b48b5d316b4f"}
,"/Users/jordanzax/NU/Deep Learning/Friendify/spotifyQ/GetPlaylist.js": {"path":"/Users/jordanzax/NU/Deep Learning/Friendify/spotifyQ/GetPlaylist.js","statementMap":{"0":{"start":{"line":3,"column":20},"end":{"line":42,"column":1}},"1":{"start":{"line":5,"column":19},"end":{"line":5,"column":36}},"2":{"start":{"line":7,"column":4},"end":{"line":9,"column":5}},"3":{"start":{"line":8,"column":6},"end":{"line":8,"column":30}},"4":{"start":{"line":11,"column":4},"end":{"line":41,"column":7}},"5":{"start":{"line":12,"column":19},"end":{"line":12,"column":21}},"6":{"start":{"line":13,"column":25},"end":{"line":18,"column":12}},"7":{"start":{"line":19,"column":21},"end":{"line":19,"column":42}},"8":{"start":{"line":20,"column":8},"end":{"line":22,"column":9}},"9":{"start":{"line":21,"column":10},"end":{"line":21,"column":20}},"10":{"start":{"line":23,"column":8},"end":{"line":37,"column":10}},"11":{"start":{"line":24,"column":10},"end":{"line":36,"column":11}},"12":{"start":{"line":25,"column":12},"end":{"line":34,"column":13}},"13":{"start":{"line":26,"column":14},"end":{"line":26,"column":34}},"14":{"start":{"line":28,"column":14},"end":{"line":33,"column":14}},"15":{"start":{"line":38,"column":8},"end":{"line":38,"column":22}},"16":{"start":{"line":40,"column":8},"end":{"line":40,"column":27}}},"fnMap":{"0":{"name":"(anonymous_0)","decl":{"start":{"line":3,"column":20},"end":{"line":3,"column":21}},"loc":{"start":{"line":3,"column":43},"end":{"line":42,"column":1}},"line":3},"1":{"name":"(anonymous_1)","decl":{"start":{"line":23,"column":23},"end":{"line":23,"column":24}},"loc":{"start":{"line":23,"column":33},"end":{"line":37,"column":9}},"line":23}},"branchMap":{"0":{"loc":{"start":{"line":7,"column":4},"end":{"line":9,"column":5}},"type":"if","locations":[{"start":{"line":7,"column":4},"end":{"line":9,"column":5}},{"start":{"line":7,"column":4},"end":{"line":9,"column":5}}],"line":7},"1":{"loc":{"start":{"line":20,"column":8},"end":{"line":22,"column":9}},"type":"if","locations":[{"start":{"line":20,"column":8},"end":{"line":22,"column":9}},{"start":{"line":20,"column":8},"end":{"line":22,"column":9}}],"line":20},"2":{"loc":{"start":{"line":20,"column":12},"end":{"line":20,"column":76}},"type":"binary-expr","locations":[{"start":{"line":20,"column":12},"end":{"line":20,"column":39}},{"start":{"line":20,"column":43},"end":{"line":20,"column":76}}],"line":20},"3":{"loc":{"start":{"line":24,"column":10},"end":{"line":36,"column":11}},"type":"if","locations":[{"start":{"line":24,"column":10},"end":{"line":36,"column":11}},{"start":{"line":24,"column":10},"end":{"line":36,"column":11}}],"line":24},"4":{"loc":{"start":{"line":24,"column":14},"end":{"line":24,"column":78}},"type":"binary-expr","locations":[{"start":{"line":24,"column":14},"end":{"line":24,"column":41}},{"start":{"line":24,"column":45},"end":{"line":24,"column":78}}],"line":24},"5":{"loc":{"start":{"line":25,"column":12},"end":{"line":34,"column":13}},"type":"if","locations":[{"start":{"line":25,"column":12},"end":{"line":34,"column":13}},{"start":{"line":25,"column":12},"end":{"line":34,"column":13}}],"line":25}},"s":{"0":1,"1":0,"2":0,"3":0,"4":0,"5":0,"6":0,"7":0,"8":0,"9":0,"10":0,"11":0,"12":0,"13":0,"14":0,"15":0,"16":0},"f":{"0":0,"1":0},"b":{"0":[0,0],"1":[0,0],"2":[0,0],"3":[0,0],"4":[0,0],"5":[0,0]},"_coverageSchema":"1a1c01bbd47fc00a2c39e90264f33305004495a9","hash":"40936529765c4c9da9c367a00d8f6242c568eebb"}
,"/Users/jordanzax/NU/Deep Learning/Friendify/spotifyQ/GetUserName.js": {"path":"/Users/jordanzax/NU/Deep Learning/Friendify/spotifyQ/GetUserName.js","statementMap":{"0":{"start":{"line":3,"column":20},"end":{"line":22,"column":1}},"1":{"start":{"line":5,"column":19},"end":{"line":5,"column":36}},"2":{"start":{"line":7,"column":4},"end":{"line":9,"column":5}},"3":{"start":{"line":8,"column":6},"end":{"line":8,"column":30}},"4":{"start":{"line":11,"column":4},"end":{"line":21,"column":28}},"5":{"start":{"line":12,"column":25},"end":{"line":17,"column":12}},"6":{"start":{"line":18,"column":21},"end":{"line":18,"column":42}},"7":{"start":{"line":19,"column":8},"end":{"line":19,"column":33}},"8":{"start":{"line":21,"column":8},"end":{"line":21,"column":27}}},"fnMap":{"0":{"name":"(anonymous_0)","decl":{"start":{"line":3,"column":20},"end":{"line":3,"column":21}},"loc":{"start":{"line":3,"column":35},"end":{"line":22,"column":1}},"line":3}},"branchMap":{"0":{"loc":{"start":{"line":7,"column":4},"end":{"line":9,"column":5}},"type":"if","locations":[{"start":{"line":7,"column":4},"end":{"line":9,"column":5}},{"start":{"line":7,"column":4},"end":{"line":9,"column":5}}],"line":7}},"s":{"0":2,"1":0,"2":0,"3":0,"4":0,"5":0,"6":0,"7":0,"8":0},"f":{"0":0},"b":{"0":[0,0]},"_coverageSchema":"1a1c01bbd47fc00a2c39e90264f33305004495a9","hash":"4bf1637ff26eb58fcd5e5200368cc2ccaad58a52"}
,"/Users/jordanzax/NU/Deep Learning/Friendify/spotifyQ/GetUserPlaylists.js": {"path":"/Users/jordanzax/NU/Deep Learning/Friendify/spotifyQ/GetUserPlaylists.js","statementMap":{"0":{"start":{"line":4,"column":11},"end":{"line":4,"column":31}},"1":{"start":{"line":6,"column":25},"end":{"line":40,"column":1}},"2":{"start":{"line":7,"column":19},"end":{"line":7,"column":36}},"3":{"start":{"line":9,"column":4},"end":{"line":11,"column":5}},"4":{"start":{"line":10,"column":6},"end":{"line":10,"column":30}},"5":{"start":{"line":13,"column":4},"end":{"line":37,"column":28}},"6":{"start":{"line":14,"column":22},"end":{"line":14,"column":24}},"7":{"start":{"line":15,"column":25},"end":{"line":20,"column":12}},"8":{"start":{"line":21,"column":21},"end":{"line":21,"column":42}},"9":{"start":{"line":22,"column":8},"end":{"line":24,"column":9}},"10":{"start":{"line":23,"column":10},"end":{"line":23,"column":20}},"11":{"start":{"line":25,"column":8},"end":{"line":34,"column":10}},"12":{"start":{"line":26,"column":10},"end":{"line":32,"column":11}},"13":{"start":{"line":27,"column":12},"end":{"line":31,"column":15}},"14":{"start":{"line":35,"column":8},"end":{"line":35,"column":25}},"15":{"start":{"line":37,"column":8},"end":{"line":37,"column":27}},"16":{"start":{"line":39,"column":4},"end":{"line":39,"column":16}}},"fnMap":{"0":{"name":"(anonymous_0)","decl":{"start":{"line":6,"column":25},"end":{"line":6,"column":26}},"loc":{"start":{"line":6,"column":40},"end":{"line":40,"column":1}},"line":6},"1":{"name":"(anonymous_1)","decl":{"start":{"line":25,"column":23},"end":{"line":25,"column":24}},"loc":{"start":{"line":25,"column":37},"end":{"line":34,"column":9}},"line":25}},"branchMap":{"0":{"loc":{"start":{"line":9,"column":4},"end":{"line":11,"column":5}},"type":"if","locations":[{"start":{"line":9,"column":4},"end":{"line":11,"column":5}},{"start":{"line":9,"column":4},"end":{"line":11,"column":5}}],"line":9},"1":{"loc":{"start":{"line":22,"column":8},"end":{"line":24,"column":9}},"type":"if","locations":[{"start":{"line":22,"column":8},"end":{"line":24,"column":9}},{"start":{"line":22,"column":8},"end":{"line":24,"column":9}}],"line":22},"2":{"loc":{"start":{"line":22,"column":12},"end":{"line":22,"column":76}},"type":"binary-expr","locations":[{"start":{"line":22,"column":12},"end":{"line":22,"column":39}},{"start":{"line":22,"column":43},"end":{"line":22,"column":76}}],"line":22},"3":{"loc":{"start":{"line":26,"column":10},"end":{"line":32,"column":11}},"type":"if","locations":[{"start":{"line":26,"column":10},"end":{"line":32,"column":11}},{"start":{"line":26,"column":10},"end":{"line":32,"column":11}}],"line":26}},"s":{"0":1,"1":1,"2":0,"3":0,"4":0,"5":0,"6":0,"7":0,"8":0,"9":0,"10":0,"11":0,"12":0,"13":0,"14":0,"15":0,"16":0},"f":{"0":0,"1":0},"b":{"0":[0,0],"1":[0,0],"2":[0,0],"3":[0,0]},"_coverageSchema":"1a1c01bbd47fc00a2c39e90264f33305004495a9","hash":"405743c2244137cd49c00a4143d80d201e8e9d52"}
,"/Users/jordanzax/NU/Deep Learning/Friendify/spotifyQ/GetUserPlaylistsIds.js": {"path":"/Users/jordanzax/NU/Deep Learning/Friendify/spotifyQ/GetUserPlaylistsIds.js","statementMap":{"0":{"start":{"line":4,"column":11},"end":{"line":4,"column":31}},"1":{"start":{"line":6,"column":28},"end":{"line":37,"column":1}},"2":{"start":{"line":8,"column":19},"end":{"line":8,"column":36}},"3":{"start":{"line":10,"column":4},"end":{"line":12,"column":5}},"4":{"start":{"line":11,"column":6},"end":{"line":11,"column":30}},"5":{"start":{"line":14,"column":4},"end":{"line":34,"column":28}},"6":{"start":{"line":16,"column":25},"end":{"line":21,"column":12}},"7":{"start":{"line":22,"column":21},"end":{"line":22,"column":42}},"8":{"start":{"line":23,"column":8},"end":{"line":25,"column":9}},"9":{"start":{"line":24,"column":10},"end":{"line":24,"column":20}},"10":{"start":{"line":26,"column":24},"end":{"line":26,"column":26}},"11":{"start":{"line":27,"column":8},"end":{"line":31,"column":10}},"12":{"start":{"line":28,"column":10},"end":{"line":30,"column":11}},"13":{"start":{"line":29,"column":12},"end":{"line":29,"column":38}},"14":{"start":{"line":32,"column":8},"end":{"line":32,"column":25}},"15":{"start":{"line":34,"column":8},"end":{"line":34,"column":27}},"16":{"start":{"line":36,"column":4},"end":{"line":36,"column":16}}},"fnMap":{"0":{"name":"(anonymous_0)","decl":{"start":{"line":6,"column":28},"end":{"line":6,"column":29}},"loc":{"start":{"line":6,"column":43},"end":{"line":37,"column":1}},"line":6},"1":{"name":"(anonymous_1)","decl":{"start":{"line":27,"column":23},"end":{"line":27,"column":24}},"loc":{"start":{"line":27,"column":33},"end":{"line":31,"column":9}},"line":27}},"branchMap":{"0":{"loc":{"start":{"line":10,"column":4},"end":{"line":12,"column":5}},"type":"if","locations":[{"start":{"line":10,"column":4},"end":{"line":12,"column":5}},{"start":{"line":10,"column":4},"end":{"line":12,"column":5}}],"line":10},"1":{"loc":{"start":{"line":23,"column":8},"end":{"line":25,"column":9}},"type":"if","locations":[{"start":{"line":23,"column":8},"end":{"line":25,"column":9}},{"start":{"line":23,"column":8},"end":{"line":25,"column":9}}],"line":23},"2":{"loc":{"start":{"line":23,"column":12},"end":{"line":23,"column":76}},"type":"binary-expr","locations":[{"start":{"line":23,"column":12},"end":{"line":23,"column":39}},{"start":{"line":23,"column":43},"end":{"line":23,"column":76}}],"line":23},"3":{"loc":{"start":{"line":28,"column":10},"end":{"line":30,"column":11}},"type":"if","locations":[{"start":{"line":28,"column":10},"end":{"line":30,"column":11}},{"start":{"line":28,"column":10},"end":{"line":30,"column":11}}],"line":28}},"s":{"0":1,"1":1,"2":0,"3":0,"4":0,"5":0,"6":0,"7":0,"8":0,"9":0,"10":0,"11":0,"12":0,"13":0,"14":0,"15":0,"16":0},"f":{"0":0,"1":0},"b":{"0":[0,0],"1":[0,0],"2":[0,0],"3":[0,0]},"_coverageSchema":"1a1c01bbd47fc00a2c39e90264f33305004495a9","hash":"82f11299a625f8141cf5dd46ac10387e01e91716"}
,"/Users/jordanzax/NU/Deep Learning/Friendify/utils/getRandomSubarray.js": {"path":"/Users/jordanzax/NU/Deep Learning/Friendify/utils/getRandomSubarray.js","statementMap":{"0":{"start":{"line":1,"column":26},"end":{"line":10,"column":1}},"1":{"start":{"line":2,"column":19},"end":{"line":2,"column":31}},"2":{"start":{"line":2,"column":37},"end":{"line":2,"column":47}},"3":{"start":{"line":2,"column":55},"end":{"line":2,"column":63}},"4":{"start":{"line":3,"column":4},"end":{"line":8,"column":5}},"5":{"start":{"line":4,"column":20},"end":{"line":4,"column":55}},"6":{"start":{"line":5,"column":19},"end":{"line":5,"column":34}},"7":{"start":{"line":6,"column":8},"end":{"line":6,"column":38}},"8":{"start":{"line":7,"column":8},"end":{"line":7,"column":27}},"9":{"start":{"line":9,"column":4},"end":{"line":9,"column":31}}},"fnMap":{"0":{"name":"(anonymous_0)","decl":{"start":{"line":1,"column":26},"end":{"line":1,"column":27}},"loc":{"start":{"line":1,"column":41},"end":{"line":10,"column":1}},"line":1}},"branchMap":{},"s":{"0":1,"1":0,"2":0,"3":0,"4":0,"5":0,"6":0,"7":0,"8":0,"9":0},"f":{"0":0},"b":{},"_coverageSchema":"1a1c01bbd47fc00a2c39e90264f33305004495a9","hash":"15b1c7436f5d12302cb16cc306ff4d6a694171f5"}
}
